<?xml version="1.0" encoding="UTF-8"?>
<!-- Generated by org.testng.reporters.JUnitReportReporter -->
<testsuite skipped="0" hostname="anasus032" name="hani.maven1.AppTest" tests="1" failures="0" timestamp="09 Nov 2018 11:51:19 GMT" time="10.513" errors="0">
  <testcase name="guru99tutorials" time="10.513" classname="hani.maven1.AppTest"/>
</testsuite> <!-- hani.maven1.AppTest -->
